<?xml version="1.0" encoding="UTF-8"?>
<!-- Generated by org.testng.reporters.JUnitReportReporter -->
<testsuite hostname="LAPTOP-6VJCL8A4" failures="0" tests="1" name="Test1" time="0.037" errors="0" timestamp="2021-08-15T14:13:59 IST" skipped="0">
  <testcase classname="Test1" name="streamAssignment" time="0.037"/>
  <system-out/>
</testsuite> <!-- Test1 -->
