<?xml version="1.0" encoding="UTF-8"?>
<!-- Generated by org.testng.reporters.JUnitReportReporter -->
<testsuite hostname="LAPTOP-6VJCL8A4" failures="0" tests="2" name="qaclickacademy.Mavenjava.APITest" time="0.000" errors="0" timestamp="2021-09-26T13:13:15 IST" skipped="0">
  <testcase classname="qaclickacademy.Mavenjava.APITest" name="DeleteTwitter" time="0.000"/>
  <system-out/>
  <testcase classname="qaclickacademy.Mavenjava.APITest" name="PostJira" time="0.000"/>
  <system-out/>
</testsuite> <!-- qaclickacademy.Mavenjava.APITest -->
