<?xml version="1.0" encoding="UTF-8"?>
<!-- Generated by org.testng.reporters.JUnitReportReporter -->
<testsuite hostname="LAPTOP-6VJCL8A4" failures="0" tests="2" name="qaclickacademy.Mavenjava.AppiumTest" time="0.009" errors="0" timestamp="2021-09-26T13:13:15 IST" skipped="0">
  <testcase classname="qaclickacademy.Mavenjava.AppiumTest" name="IOSApps" time="0.009"/>
  <system-out/>
  <testcase classname="qaclickacademy.Mavenjava.AppiumTest" name="NativeAppAndriod" time="0.000"/>
  <system-out/>
</testsuite> <!-- qaclickacademy.Mavenjava.AppiumTest -->
